[Status]: Memory manager initialised: log/web-server.leaks

                                                                      
                   rAthena Development Team presents                  
                      ___   __  __                                    
                _____/   | / /_/ /_  ___  ____  ____ _                
               / ___/ /| |/ __/ __ \/ _ \/ __ \/ __ `/                
              / /  / ___ / /_/ / / /  __/ / / / /_/ /                 
             /_/  /_/  |_\__/_/ /_/\___/_/ /_/\__,_/                  
                                                                      
                     http://rathena.org/board/                        
                                                                      
[Info]: Git Hash: '0a633386504bd580fd34f2a798fc250b9df22a69'
[Info]: Server uses 'select' as event dispatcher
[Info]: Server supports up to '1024' concurrent connections.
[Info]: Finished reading conf/import/web_conf.txt.
[Info]: Finished reading conf/web_athena.conf.
[Info]: Done reading '0' messages in 'conf/msg_conf/web_msg.conf'.
[Info]: Done reading conf/import/inter_conf.txt.
[Info]: Done reading conf/inter_athena.conf.
[Info]: Connecting to the Login DB server.....
[Status]: Connect success! (Login Server Connection)
[Info]: Connecting to the Char DB server.....
[Status]: Connect success! (Char Server Connection)
[Info]: Connecting to the Map DB server.....
[Status]: Connect success! (Map Server Connection)
[Info]: Connecting to the Web DB server.....
[Status]: Connect success! (Web Server Connection)
[Status]: Starting server...
[Debug]: Web server not running, sleeping 1 second.
[Status]: The web-server is ready (Server is listening on the port 8888).

