c:\users\speed\desktop\emulador\.vs\build\yaml-cpp\win32\debug\yaml-cpp.pdb
c:\users\speed\desktop\emulador\.vs\build\yaml-cpp\win32\debug\parse.obj
c:\users\speed\desktop\emulador\.vs\build\yaml-cpp\win32\debug\ostream_wrapper.obj
c:\users\speed\desktop\emulador\.vs\build\yaml-cpp\win32\debug\null.obj
c:\users\speed\desktop\emulador\.vs\build\yaml-cpp\win32\debug\node_data.obj
c:\users\speed\desktop\emulador\.vs\build\yaml-cpp\win32\debug\nodeevents.obj
c:\users\speed\desktop\emulador\.vs\build\yaml-cpp\win32\debug\nodebuilder.obj
c:\users\speed\desktop\emulador\.vs\build\yaml-cpp\win32\debug\node.obj
c:\users\speed\desktop\emulador\.vs\build\yaml-cpp\win32\debug\memory.obj
c:\users\speed\desktop\emulador\.vs\build\yaml-cpp\win32\debug\exp.obj
c:\users\speed\desktop\emulador\.vs\build\yaml-cpp\win32\debug\exceptions.obj
c:\users\speed\desktop\emulador\.vs\build\yaml-cpp\win32\debug\emitterutils.obj
c:\users\speed\desktop\emulador\.vs\build\yaml-cpp\win32\debug\emitterstate.obj
c:\users\speed\desktop\emulador\.vs\build\yaml-cpp\win32\debug\emitter.obj
c:\users\speed\desktop\emulador\.vs\build\yaml-cpp\win32\debug\emitfromevents.obj
c:\users\speed\desktop\emulador\.vs\build\yaml-cpp\win32\debug\emit.obj
c:\users\speed\desktop\emulador\.vs\build\yaml-cpp\win32\debug\directives.obj
c:\users\speed\desktop\emulador\.vs\build\yaml-cpp\win32\debug\convert.obj
c:\users\speed\desktop\emulador\.vs\build\yaml-cpp\win32\debug\graphbuilderadapter.obj
c:\users\speed\desktop\emulador\.vs\build\yaml-cpp\win32\debug\graphbuilder.obj
c:\users\speed\desktop\emulador\.vs\build\yaml-cpp\win32\debug\binary.obj
c:\users\speed\desktop\emulador\.vs\build\yaml-cpp\win32\debug\tag.obj
c:\users\speed\desktop\emulador\.vs\build\yaml-cpp\win32\debug\stream.obj
c:\users\speed\desktop\emulador\.vs\build\yaml-cpp\win32\debug\singledocparser.obj
c:\users\speed\desktop\emulador\.vs\build\yaml-cpp\win32\debug\simplekey.obj
c:\users\speed\desktop\emulador\.vs\build\yaml-cpp\win32\debug\scantoken.obj
c:\users\speed\desktop\emulador\.vs\build\yaml-cpp\win32\debug\scantag.obj
c:\users\speed\desktop\emulador\.vs\build\yaml-cpp\win32\debug\scanscalar.obj
c:\users\speed\desktop\emulador\.vs\build\yaml-cpp\win32\debug\scanner.obj
c:\users\speed\desktop\emulador\.vs\build\yaml-cpp\win32\debug\regex_yaml.obj
c:\users\speed\desktop\emulador\.vs\build\yaml-cpp\win32\debug\parser.obj
c:\users\speed\desktop\emulador\.vs\build\yaml-cpp.lib
c:\users\speed\desktop\emulador\.vs\build\yaml-cpp\win32\debug\yaml-cpp.tlog\cl.command.1.tlog
c:\users\speed\desktop\emulador\.vs\build\yaml-cpp\win32\debug\yaml-cpp.tlog\cl.read.1.tlog
c:\users\speed\desktop\emulador\.vs\build\yaml-cpp\win32\debug\yaml-cpp.tlog\cl.write.1.tlog
c:\users\speed\desktop\emulador\.vs\build\yaml-cpp\win32\debug\yaml-cpp.tlog\lib-link.read.1.tlog
c:\users\speed\desktop\emulador\.vs\build\yaml-cpp\win32\debug\yaml-cpp.tlog\lib-link.write.1.tlog
c:\users\speed\desktop\emulador\.vs\build\yaml-cpp\win32\debug\yaml-cpp.tlog\lib.command.1.tlog
