c:\users\speed\desktop\emulador\.vs\build\common\win32\debug\common.pdb
c:\users\speed\desktop\emulador\.vs\build\common\win32\debug\common.idb
c:\users\speed\desktop\emulador\.vs\build\common\win32\debug\utils.obj
c:\users\speed\desktop\emulador\.vs\build\common\win32\debug\timer.obj
c:\users\speed\desktop\emulador\.vs\build\common\win32\debug\strlib.obj
c:\users\speed\desktop\emulador\.vs\build\common\win32\debug\sql.obj
c:\users\speed\desktop\emulador\.vs\build\common\win32\debug\socket.obj
c:\users\speed\desktop\emulador\.vs\build\common\win32\debug\showmsg.obj
c:\users\speed\desktop\emulador\.vs\build\common\win32\debug\random.obj
c:\users\speed\desktop\emulador\.vs\build\common\win32\debug\nullpo.obj
c:\users\speed\desktop\emulador\.vs\build\common\win32\debug\msg_conf.obj
c:\users\speed\desktop\emulador\.vs\build\common\win32\debug\md5calc.obj
c:\users\speed\desktop\emulador\.vs\build\common\win32\debug\mapindex.obj
c:\users\speed\desktop\emulador\.vs\build\common\win32\debug\malloc.obj
c:\users\speed\desktop\emulador\.vs\build\common\win32\debug\grfio.obj
c:\users\speed\desktop\emulador\.vs\build\common\win32\debug\ers.obj
c:\users\speed\desktop\emulador\.vs\build\common\win32\debug\des.obj
c:\users\speed\desktop\emulador\.vs\build\common\win32\debug\db.obj
c:\users\speed\desktop\emulador\.vs\build\common\win32\debug\database.obj
c:\users\speed\desktop\emulador\.vs\build\common\win32\debug\core.obj
c:\users\speed\desktop\emulador\.vs\build\common\win32\debug\conf.obj
c:\users\speed\desktop\emulador\.vs\build\common\win32\debug\cli.obj
c:\users\speed\desktop\emulador\.vs\build\common\win32\debug\utilities.obj
c:\users\speed\desktop\emulador\.vs\build\common\win32\debug\winapi.obj
c:\users\speed\desktop\emulador\.vs\build\common.lib
c:\users\speed\desktop\emulador\.vs\build\common\win32\debug\common.tlog\cl.command.1.tlog
c:\users\speed\desktop\emulador\.vs\build\common\win32\debug\common.tlog\cl.read.1.tlog
c:\users\speed\desktop\emulador\.vs\build\common\win32\debug\common.tlog\cl.write.1.tlog
c:\users\speed\desktop\emulador\.vs\build\common\win32\debug\common.tlog\lib-link.read.1.tlog
c:\users\speed\desktop\emulador\.vs\build\common\win32\debug\common.tlog\lib-link.write.1.tlog
c:\users\speed\desktop\emulador\.vs\build\common\win32\debug\common.tlog\lib.command.1.tlog
