c:\users\speed\desktop\emulador\.vs\build\char-server\win32\debug\vc142.pdb
c:\users\speed\desktop\emulador\.vs\build\char-server\win32\debug\vc142.idb
c:\users\speed\desktop\emulador\.vs\build\char-server\win32\debug\int_storage.obj
c:\users\speed\desktop\emulador\.vs\build\char-server\win32\debug\int_quest.obj
c:\users\speed\desktop\emulador\.vs\build\char-server\win32\debug\int_pet.obj
c:\users\speed\desktop\emulador\.vs\build\char-server\win32\debug\int_party.obj
c:\users\speed\desktop\emulador\.vs\build\char-server\win32\debug\int_mercenary.obj
c:\users\speed\desktop\emulador\.vs\build\char-server\win32\debug\int_mail.obj
c:\users\speed\desktop\emulador\.vs\build\char-server\win32\debug\int_homun.obj
c:\users\speed\desktop\emulador\.vs\build\char-server\win32\debug\int_guild.obj
c:\users\speed\desktop\emulador\.vs\build\char-server\win32\debug\int_elemental.obj
c:\users\speed\desktop\emulador\.vs\build\char-server\win32\debug\int_clan.obj
c:\users\speed\desktop\emulador\.vs\build\char-server\win32\debug\int_auction.obj
c:\users\speed\desktop\emulador\.vs\build\char-server\win32\debug\int_achievement.obj
c:\users\speed\desktop\emulador\.vs\build\char-server\win32\debug\inter.obj
c:\users\speed\desktop\emulador\.vs\build\char-server\win32\debug\char_mapif.obj
c:\users\speed\desktop\emulador\.vs\build\char-server\win32\debug\char_logif.obj
c:\users\speed\desktop\emulador\.vs\build\char-server\win32\debug\char_cnslif.obj
c:\users\speed\desktop\emulador\.vs\build\char-server\win32\debug\char_clif.obj
c:\users\speed\desktop\emulador\.vs\build\char-server\win32\debug\char.obj
c:\users\speed\desktop\emulador\char-server.ilk
c:\users\speed\desktop\emulador\char-server.exe
c:\users\speed\desktop\emulador\char-server.pdb
c:\users\speed\desktop\emulador\.vs\build\char-server\win32\debug\char-server.tlog\cl.command.1.tlog
c:\users\speed\desktop\emulador\.vs\build\char-server\win32\debug\char-server.tlog\cl.read.1.tlog
c:\users\speed\desktop\emulador\.vs\build\char-server\win32\debug\char-server.tlog\cl.write.1.tlog
c:\users\speed\desktop\emulador\.vs\build\char-server\win32\debug\char-server.tlog\link.command.1.tlog
c:\users\speed\desktop\emulador\.vs\build\char-server\win32\debug\char-server.tlog\link.read.1.tlog
c:\users\speed\desktop\emulador\.vs\build\char-server\win32\debug\char-server.tlog\link.write.1.tlog
